[2026-05-12 18:40:01] local.ERROR: Target class [DatabaseSeeder] does not exist. {"exception":"[object] (Illuminate\\Contracts\\Container\\BindingResolutionException(code: 0): Target class [DatabaseSeeder] does not exist. at /home/anar/Bureau/testcodetrasl/vendor/laravel/framework/src/Illuminate/Container/Container.php:1124)
[stacktrace]
#0 /home/anar/Bureau/testcodetrasl/vendor/laravel/framework/src/Illuminate/Container/Container.php(933): Illuminate\\Container\\Container->build()
#1 /home/anar/Bureau/testcodetrasl/vendor/laravel/framework/src/Illuminate/Foundation/Application.php(1078): Illuminate\\Container\\Container->resolve()
#2 /home/anar/Bureau/testcodetrasl/vendor/laravel/framework/src/Illuminate/Container/Container.php(864): Illuminate\\Foundation\\Application->resolve()
#3 /home/anar/Bureau/testcodetrasl/vendor/laravel/framework/src/Illuminate/Foundation/Application.php(1058): Illuminate\\Container\\Container->make()
#4 /home/anar/Bureau/testcodetrasl/vendor/laravel/framework/src/Illuminate/Database/Console/Seeds/SeedCommand.php(99): Illuminate\\Foundation\\Application->make()
#5 /home/anar/Bureau/testcodetrasl/vendor/laravel/framework/src/Illuminate/Database/Console/Seeds/SeedCommand.php(71): Illuminate\\Database\\Console\\Seeds\\SeedCommand->getSeeder()
#6 /home/anar/Bureau/testcodetrasl/vendor/laravel/framework/src/Illuminate/Database/Eloquent/Concerns/GuardsAttributes.php(157): Illuminate\\Database\\Console\\Seeds\\SeedCommand->{closure:Illuminate\\Database\\Console\\Seeds\\SeedCommand::handle():70}()
#7 /home/anar/Bureau/testcodetrasl/vendor/laravel/framework/src/Illuminate/Database/Console/Seeds/SeedCommand.php(70): Illuminate\\Database\\Eloquent\\Model::unguarded()
#8 /home/anar/Bureau/testcodetrasl/vendor/laravel/framework/src/Illuminate/Container/BoundMethod.php(36): Illuminate\\Database\\Console\\Seeds\\SeedCommand->handle()
#9 /home/anar/Bureau/testcodetrasl/vendor/laravel/framework/src/Illuminate/Container/Util.php(43): Illuminate\\Container\\BoundMethod::{closure:Illuminate\\Container\\BoundMethod::call():35}()
#10 /home/anar/Bureau/testcodetrasl/vendor/laravel/framework/src/Illuminate/Container/BoundMethod.php(96): Illuminate\\Container\\Util::unwrapIfClosure()
#11 /home/anar/Bureau/testcodetrasl/vendor/laravel/framework/src/Illuminate/Container/BoundMethod.php(35): Illuminate\\Container\\BoundMethod::callBoundMethod()
#12 /home/anar/Bureau/testcodetrasl/vendor/laravel/framework/src/Illuminate/Container/Container.php(799): Illuminate\\Container\\BoundMethod::call()
#13 /home/anar/Bureau/testcodetrasl/vendor/laravel/framework/src/Illuminate/Console/Command.php(211): Illuminate\\Container\\Container->call()
#14 /home/anar/Bureau/testcodetrasl/vendor/symfony/console/Command/Command.php(341): Illuminate\\Console\\Command->execute()
#15 /home/anar/Bureau/testcodetrasl/vendor/laravel/framework/src/Illuminate/Console/Command.php(180): Symfony\\Component\\Console\\Command\\Command->run()
#16 /home/anar/Bureau/testcodetrasl/vendor/laravel/framework/src/Illuminate/Console/Concerns/CallsCommands.php(68): Illuminate\\Console\\Command->run()
#17 /home/anar/Bureau/testcodetrasl/vendor/laravel/framework/src/Illuminate/Console/Concerns/CallsCommands.php(29): Illuminate\\Console\\Command->runCommand()
#18 /home/anar/Bureau/testcodetrasl/vendor/laravel/framework/src/Illuminate/Database/Console/Migrations/FreshCommand.php(128): Illuminate\\Console\\Command->call()
#19 /home/anar/Bureau/testcodetrasl/vendor/laravel/framework/src/Illuminate/Database/Console/Migrations/FreshCommand.php(104): Illuminate\\Database\\Console\\Migrations\\FreshCommand->runSeeder()
#20 /home/anar/Bureau/testcodetrasl/vendor/laravel/framework/src/Illuminate/Container/BoundMethod.php(36): Illuminate\\Database\\Console\\Migrations\\FreshCommand->handle()
#21 /home/anar/Bureau/testcodetrasl/vendor/laravel/framework/src/Illuminate/Container/Util.php(43): Illuminate\\Container\\BoundMethod::{closure:Illuminate\\Container\\BoundMethod::call():35}()
#22 /home/anar/Bureau/testcodetrasl/vendor/laravel/framework/src/Illuminate/Container/BoundMethod.php(96): Illuminate\\Container\\Util::unwrapIfClosure()
#23 /home/anar/Bureau/testcodetrasl/vendor/laravel/framework/src/Illuminate/Container/BoundMethod.php(35): Illuminate\\Container\\BoundMethod::callBoundMethod()
#24 /home/anar/Bureau/testcodetrasl/vendor/laravel/framework/src/Illuminate/Container/Container.php(799): Illuminate\\Container\\BoundMethod::call()
#25 /home/anar/Bureau/testcodetrasl/vendor/laravel/framework/src/Illuminate/Console/Command.php(211): Illuminate\\Container\\Container->call()
#26 /home/anar/Bureau/testcodetrasl/vendor/symfony/console/Command/Command.php(341): Illuminate\\Console\\Command->execute()
#27 /home/anar/Bureau/testcodetrasl/vendor/laravel/framework/src/Illuminate/Console/Command.php(180): Symfony\\Component\\Console\\Command\\Command->run()
#28 /home/anar/Bureau/testcodetrasl/vendor/symfony/console/Application.php(1117): Illuminate\\Console\\Command->run()
#29 /home/anar/Bureau/testcodetrasl/vendor/symfony/console/Application.php(356): Symfony\\Component\\Console\\Application->doRunCommand()
#30 /home/anar/Bureau/testcodetrasl/vendor/symfony/console/Application.php(195): Symfony\\Component\\Console\\Application->doRun()
#31 /home/anar/Bureau/testcodetrasl/vendor/laravel/framework/src/Illuminate/Foundation/Console/Kernel.php(198): Symfony\\Component\\Console\\Application->run()
#32 /home/anar/Bureau/testcodetrasl/vendor/laravel/framework/src/Illuminate/Foundation/Application.php(1235): Illuminate\\Foundation\\Console\\Kernel->handle()
#33 /home/anar/Bureau/testcodetrasl/artisan(14): Illuminate\\Foundation\\Application->handleCommand()
#34 {main}

[previous exception] [object] (ReflectionException(code: -1): Class \"DatabaseSeeder\" does not exist at /home/anar/Bureau/testcodetrasl/vendor/laravel/framework/src/Illuminate/Container/Container.php:1122)
[stacktrace]
#0 /home/anar/Bureau/testcodetrasl/vendor/laravel/framework/src/Illuminate/Container/Container.php(1122): ReflectionClass->__construct()
#1 /home/anar/Bureau/testcodetrasl/vendor/laravel/framework/src/Illuminate/Container/Container.php(933): Illuminate\\Container\\Container->build()
#2 /home/anar/Bureau/testcodetrasl/vendor/laravel/framework/src/Illuminate/Foundation/Application.php(1078): Illuminate\\Container\\Container->resolve()
#3 /home/anar/Bureau/testcodetrasl/vendor/laravel/framework/src/Illuminate/Container/Container.php(864): Illuminate\\Foundation\\Application->resolve()
#4 /home/anar/Bureau/testcodetrasl/vendor/laravel/framework/src/Illuminate/Foundation/Application.php(1058): Illuminate\\Container\\Container->make()
#5 /home/anar/Bureau/testcodetrasl/vendor/laravel/framework/src/Illuminate/Database/Console/Seeds/SeedCommand.php(99): Illuminate\\Foundation\\Application->make()
#6 /home/anar/Bureau/testcodetrasl/vendor/laravel/framework/src/Illuminate/Database/Console/Seeds/SeedCommand.php(71): Illuminate\\Database\\Console\\Seeds\\SeedCommand->getSeeder()
#7 /home/anar/Bureau/testcodetrasl/vendor/laravel/framework/src/Illuminate/Database/Eloquent/Concerns/GuardsAttributes.php(157): Illuminate\\Database\\Console\\Seeds\\SeedCommand->{closure:Illuminate\\Database\\Console\\Seeds\\SeedCommand::handle():70}()
#8 /home/anar/Bureau/testcodetrasl/vendor/laravel/framework/src/Illuminate/Database/Console/Seeds/SeedCommand.php(70): Illuminate\\Database\\Eloquent\\Model::unguarded()
#9 /home/anar/Bureau/testcodetrasl/vendor/laravel/framework/src/Illuminate/Container/BoundMethod.php(36): Illuminate\\Database\\Console\\Seeds\\SeedCommand->handle()
#10 /home/anar/Bureau/testcodetrasl/vendor/laravel/framework/src/Illuminate/Container/Util.php(43): Illuminate\\Container\\BoundMethod::{closure:Illuminate\\Container\\BoundMethod::call():35}()
#11 /home/anar/Bureau/testcodetrasl/vendor/laravel/framework/src/Illuminate/Container/BoundMethod.php(96): Illuminate\\Container\\Util::unwrapIfClosure()
#12 /home/anar/Bureau/testcodetrasl/vendor/laravel/framework/src/Illuminate/Container/BoundMethod.php(35): Illuminate\\Container\\BoundMethod::callBoundMethod()
#13 /home/anar/Bureau/testcodetrasl/vendor/laravel/framework/src/Illuminate/Container/Container.php(799): Illuminate\\Container\\BoundMethod::call()
#14 /home/anar/Bureau/testcodetrasl/vendor/laravel/framework/src/Illuminate/Console/Command.php(211): Illuminate\\Container\\Container->call()
#15 /home/anar/Bureau/testcodetrasl/vendor/symfony/console/Command/Command.php(341): Illuminate\\Console\\Command->execute()
#16 /home/anar/Bureau/testcodetrasl/vendor/laravel/framework/src/Illuminate/Console/Command.php(180): Symfony\\Component\\Console\\Command\\Command->run()
#17 /home/anar/Bureau/testcodetrasl/vendor/laravel/framework/src/Illuminate/Console/Concerns/CallsCommands.php(68): Illuminate\\Console\\Command->run()
#18 /home/anar/Bureau/testcodetrasl/vendor/laravel/framework/src/Illuminate/Console/Concerns/CallsCommands.php(29): Illuminate\\Console\\Command->runCommand()
#19 /home/anar/Bureau/testcodetrasl/vendor/laravel/framework/src/Illuminate/Database/Console/Migrations/FreshCommand.php(128): Illuminate\\Console\\Command->call()
#20 /home/anar/Bureau/testcodetrasl/vendor/laravel/framework/src/Illuminate/Database/Console/Migrations/FreshCommand.php(104): Illuminate\\Database\\Console\\Migrations\\FreshCommand->runSeeder()
#21 /home/anar/Bureau/testcodetrasl/vendor/laravel/framework/src/Illuminate/Container/BoundMethod.php(36): Illuminate\\Database\\Console\\Migrations\\FreshCommand->handle()
#22 /home/anar/Bureau/testcodetrasl/vendor/laravel/framework/src/Illuminate/Container/Util.php(43): Illuminate\\Container\\BoundMethod::{closure:Illuminate\\Container\\BoundMethod::call():35}()
#23 /home/anar/Bureau/testcodetrasl/vendor/laravel/framework/src/Illuminate/Container/BoundMethod.php(96): Illuminate\\Container\\Util::unwrapIfClosure()
#24 /home/anar/Bureau/testcodetrasl/vendor/laravel/framework/src/Illuminate/Container/BoundMethod.php(35): Illuminate\\Container\\BoundMethod::callBoundMethod()
#25 /home/anar/Bureau/testcodetrasl/vendor/laravel/framework/src/Illuminate/Container/Container.php(799): Illuminate\\Container\\BoundMethod::call()
#26 /home/anar/Bureau/testcodetrasl/vendor/laravel/framework/src/Illuminate/Console/Command.php(211): Illuminate\\Container\\Container->call()
#27 /home/anar/Bureau/testcodetrasl/vendor/symfony/console/Command/Command.php(341): Illuminate\\Console\\Command->execute()
#28 /home/anar/Bureau/testcodetrasl/vendor/laravel/framework/src/Illuminate/Console/Command.php(180): Symfony\\Component\\Console\\Command\\Command->run()
#29 /home/anar/Bureau/testcodetrasl/vendor/symfony/console/Application.php(1117): Illuminate\\Console\\Command->run()
#30 /home/anar/Bureau/testcodetrasl/vendor/symfony/console/Application.php(356): Symfony\\Component\\Console\\Application->doRunCommand()
#31 /home/anar/Bureau/testcodetrasl/vendor/symfony/console/Application.php(195): Symfony\\Component\\Console\\Application->doRun()
#32 /home/anar/Bureau/testcodetrasl/vendor/laravel/framework/src/Illuminate/Foundation/Console/Kernel.php(198): Symfony\\Component\\Console\\Application->run()
#33 /home/anar/Bureau/testcodetrasl/vendor/laravel/framework/src/Illuminate/Foundation/Application.php(1235): Illuminate\\Foundation\\Console\\Kernel->handle()
#34 /home/anar/Bureau/testcodetrasl/artisan(14): Illuminate\\Foundation\\Application->handleCommand()
#35 {main}
"} 
[2026-05-12 19:02:32] local.ERROR: Uncaught ErrorException: Undefined variable $errors in /home/anar/Bureau/testcodetrasl/storage/framework/views/28509520d965c13969bf1b9af03b1424.php:19
Stack trace:
#0 /home/anar/Bureau/testcodetrasl/vendor/laravel/framework/src/Illuminate/Foundation/Bootstrap/HandleExceptions.php(258): Illuminate\Foundation\Bootstrap\HandleExceptions->handleError()
#1 /home/anar/Bureau/testcodetrasl/storage/framework/views/28509520d965c13969bf1b9af03b1424.php(19): Illuminate\Foundation\Bootstrap\HandleExceptions->{closure:Illuminate\Foundation\Bootstrap\HandleExceptions::forwardsTo():257}()
#2 /home/anar/Bureau/testcodetrasl/vendor/laravel/framework/src/Illuminate/Filesystem/Filesystem.php(123): require('...')
#3 /home/anar/Bureau/testcodetrasl/vendor/laravel/framework/src/Illuminate/Filesystem/Filesystem.php(124): Illuminate\Filesystem\Filesystem::{closure:Illuminate\Filesystem\Filesystem::getRequire():120}()
#4 /home/anar/Bureau/testcodetrasl/vendor/laravel/framework/src/Illuminate/View/Engines/PhpEngine.php(57): Illuminate\Filesystem\Filesystem->getRequire()
#5 /home/anar/Bureau/testcodetrasl/vendor/livewire/livewire/src/Mechanisms/ExtendBlade/ExtendedCompilerEngine.php(22): Illuminate\View\Engines\PhpEngine->evaluatePath()
#6 /home/anar/Bureau/testcodetrasl/vendor/laravel/framework/src/Illuminate/View/Engines/CompilerEngine.php(76): Livewire\Mechanisms\ExtendBlade\ExtendedCompilerEngine->evaluatePath()
#7 /home/anar/Bureau/testcodetrasl/vendor/livewire/livewire/src/Mechanisms/ExtendBlade/ExtendedCompilerEngine.php(10): Illuminate\View\Engines\CompilerEngine->get()
#8 /home/anar/Bureau/testcodetrasl/vendor/laravel/framework/src/Illuminate/View/View.php(208): Livewire\Mechanisms\ExtendBlade\ExtendedCompilerEngine->get()
#9 /home/anar/Bureau/testcodetrasl/vendor/laravel/framework/src/Illuminate/View/View.php(191): Illuminate\View\View->getContents()
#10 /home/anar/Bureau/testcodetrasl/vendor/laravel/framework/src/Illuminate/View/View.php(160): Illuminate\View\View->renderContents()
#11 /home/anar/Bureau/testcodetrasl/storage/framework/views/164dc8115948468e20ba3b7ed285b4bc.php(29): Illuminate\View\View->render()
#12 /home/anar/Bureau/testcodetrasl/vendor/laravel/framework/src/Illuminate/Filesystem/Filesystem.php(123): require('...')
#13 /home/anar/Bureau/testcodetrasl/vendor/laravel/framework/src/Illuminate/Filesystem/Filesystem.php(124): Illuminate\Filesystem\Filesystem::{closure:Illuminate\Filesystem\Filesystem::getRequire():120}()
#14 /home/anar/Bureau/testcodetrasl/vendor/laravel/framework/src/Illuminate/View/Engines/PhpEngine.php(57): Illuminate\Filesystem\Filesystem->getRequire()
#15 /home/anar/Bureau/testcodetrasl/vendor/livewire/livewire/src/Mechanisms/ExtendBlade/ExtendedCompilerEngine.php(22): Illuminate\View\Engines\PhpEngine->evaluatePath()
#16 /home/anar/Bureau/testcodetrasl/vendor/laravel/framework/src/Illuminate/View/Engines/CompilerEngine.php(76): Livewire\Mechanisms\ExtendBlade\ExtendedCompilerEngine->evaluatePath()
#17 /home/anar/Bureau/testcodetrasl/vendor/livewire/livewire/src/Mechanisms/ExtendBlade/ExtendedCompilerEngine.php(10): Illuminate\View\Engines\CompilerEngine->get()
#18 /home/anar/Bureau/testcodetrasl/vendor/laravel/framework/src/Illuminate/View/View.php(208): Livewire\Mechanisms\ExtendBlade\ExtendedCompilerEngine->get()
#19 /home/anar/Bureau/testcodetrasl/vendor/laravel/framework/src/Illuminate/View/View.php(191): Illuminate\View\View->getContents()
#20 /home/anar/Bureau/testcodetrasl/vendor/laravel/framework/src/Illuminate/View/View.php(160): Illuminate\View\View->renderContents()
#21 Command line code(1): Illuminate\View\View->render()
#22 {main}

Next Illuminate\View\ViewException: Undefined variable $errors (View: /home/anar/Bureau/testcodetrasl/resources/views/layouts/admin.blade.php) in /home/anar/Bureau/testcodetrasl/storage/framework/views/28509520d965c13969bf1b9af03b1424.php:19
Stack trace:
#0 /home/anar/Bureau/testcodetrasl/vendor/livewire/livewire/src/Mechanisms/ExtendBlade/ExtendedCompilerEngine.php(58): Illuminate\View\Engines\CompilerEngine->handleViewException()
#1 /home/anar/Bureau/testcodetrasl/vendor/laravel/framework/src/Illuminate/View/Engines/PhpEngine.php(59): Livewire\Mechanisms\ExtendBlade\ExtendedCompilerEngine->handleViewException()
#2 /home/anar/Bureau/testcodetrasl/vendor/livewire/livewire/src/Mechanisms/ExtendBlade/ExtendedCompilerEngine.php(22): Illuminate\View\Engines\PhpEngine->evaluatePath()
#3 /home/anar/Bureau/testcodetrasl/vendor/laravel/framework/src/Illuminate/View/Engines/CompilerEngine.php(76): Livewire\Mechanisms\ExtendBlade\ExtendedCompilerEngine->evaluatePath()
#4 /home/anar/Bureau/testcodetrasl/vendor/livewire/livewire/src/Mechanisms/ExtendBlade/ExtendedCompilerEngine.php(10): Illuminate\View\Engines\CompilerEngine->get()
#5 /home/anar/Bureau/testcodetrasl/vendor/laravel/framework/src/Illuminate/View/View.php(208): Livewire\Mechanisms\ExtendBlade\ExtendedCompilerEngine->get()
#6 /home/anar/Bureau/testcodetrasl/vendor/laravel/framework/src/Illuminate/View/View.php(191): Illuminate\View\View->getContents()
#7 /home/anar/Bureau/testcodetrasl/vendor/laravel/framework/src/Illuminate/View/View.php(160): Illuminate\View\View->renderContents()
#8 /home/anar/Bureau/testcodetrasl/storage/framework/views/164dc8115948468e20ba3b7ed285b4bc.php(29): Illuminate\View\View->render()
#9 /home/anar/Bureau/testcodetrasl/vendor/laravel/framework/src/Illuminate/Filesystem/Filesystem.php(123): require('...')
#10 /home/anar/Bureau/testcodetrasl/vendor/laravel/framework/src/Illuminate/Filesystem/Filesystem.php(124): Illuminate\Filesystem\Filesystem::{closure:Illuminate\Filesystem\Filesystem::getRequire():120}()
#11 /home/anar/Bureau/testcodetrasl/vendor/laravel/framework/src/Illuminate/View/Engines/PhpEngine.php(57): Illuminate\Filesystem\Filesystem->getRequire()
#12 /home/anar/Bureau/testcodetrasl/vendor/livewire/livewire/src/Mechanisms/ExtendBlade/ExtendedCompilerEngine.php(22): Illuminate\View\Engines\PhpEngine->evaluatePath()
#13 /home/anar/Bureau/testcodetrasl/vendor/laravel/framework/src/Illuminate/View/Engines/CompilerEngine.php(76): Livewire\Mechanisms\ExtendBlade\ExtendedCompilerEngine->evaluatePath()
#14 /home/anar/Bureau/testcodetrasl/vendor/livewire/livewire/src/Mechanisms/ExtendBlade/ExtendedCompilerEngine.php(10): Illuminate\View\Engines\CompilerEngine->get()
#15 /home/anar/Bureau/testcodetrasl/vendor/laravel/framework/src/Illuminate/View/View.php(208): Livewire\Mechanisms\ExtendBlade\ExtendedCompilerEngine->get()
#16 /home/anar/Bureau/testcodetrasl/vendor/laravel/framework/src/Illuminate/View/View.php(191): Illuminate\View\View->getContents()
#17 /home/anar/Bureau/testcodetrasl/vendor/laravel/framework/src/Illuminate/View/View.php(160): Illuminate\View\View->renderContents()
#18 Command line code(1): Illuminate\View\View->render()
#19 {main}

Next Illuminate\View\ViewException: Undefined variable $errors (View: /home/anar/Bureau/testcodetrasl/resources/views/layouts/admin.blade.php) (View: /home/anar/Bureau/testcodetrasl/resources/views/layouts/admin.blade.php) in /home/anar/Bureau/testcodetrasl/storage/framework/views/28509520d965c13969bf1b9af03b1424.php:19
Stack trace:
#0 /home/anar/Bureau/testcodetrasl/vendor/livewire/livewire/src/Mechanisms/ExtendBlade/ExtendedCompilerEngine.php(58): Illuminate\View\Engines\CompilerEngine->handleViewException()
#1 /home/anar/Bureau/testcodetrasl/vendor/laravel/framework/src/Illuminate/View/Engines/PhpEngine.php(59): Livewire\Mechanisms\ExtendBlade\ExtendedCompilerEngine->handleViewException()
#2 /home/anar/Bureau/testcodetrasl/vendor/livewire/livewire/src/Mechanisms/ExtendBlade/ExtendedCompilerEngine.php(22): Illuminate\View\Engines\PhpEngine->evaluatePath()
#3 /home/anar/Bureau/testcodetrasl/vendor/laravel/framework/src/Illuminate/View/Engines/CompilerEngine.php(76): Livewire\Mechanisms\ExtendBlade\ExtendedCompilerEngine->evaluatePath()
#4 /home/anar/Bureau/testcodetrasl/vendor/livewire/livewire/src/Mechanisms/ExtendBlade/ExtendedCompilerEngine.php(10): Illuminate\View\Engines\CompilerEngine->get()
#5 /home/anar/Bureau/testcodetrasl/vendor/laravel/framework/src/Illuminate/View/View.php(208): Livewire\Mechanisms\ExtendBlade\ExtendedCompilerEngine->get()
#6 /home/anar/Bureau/testcodetrasl/vendor/laravel/framework/src/Illuminate/View/View.php(191): Illuminate\View\View->getContents()
#7 /home/anar/Bureau/testcodetrasl/vendor/laravel/framework/src/Illuminate/View/View.php(160): Illuminate\View\View->renderContents()
#8 Command line code(1): Illuminate\View\View->render()
#9 {main}
  thrown {"exception":"[object] (Symfony\\Component\\ErrorHandler\\Error\\FatalError(code: 0): Uncaught ErrorException: Undefined variable $errors in /home/anar/Bureau/testcodetrasl/storage/framework/views/28509520d965c13969bf1b9af03b1424.php:19
Stack trace:
#0 /home/anar/Bureau/testcodetrasl/vendor/laravel/framework/src/Illuminate/Foundation/Bootstrap/HandleExceptions.php(258): Illuminate\\Foundation\\Bootstrap\\HandleExceptions->handleError()
#1 /home/anar/Bureau/testcodetrasl/storage/framework/views/28509520d965c13969bf1b9af03b1424.php(19): Illuminate\\Foundation\\Bootstrap\\HandleExceptions->{closure:Illuminate\\Foundation\\Bootstrap\\HandleExceptions::forwardsTo():257}()
#2 /home/anar/Bureau/testcodetrasl/vendor/laravel/framework/src/Illuminate/Filesystem/Filesystem.php(123): require('...')
#3 /home/anar/Bureau/testcodetrasl/vendor/laravel/framework/src/Illuminate/Filesystem/Filesystem.php(124): Illuminate\\Filesystem\\Filesystem::{closure:Illuminate\\Filesystem\\Filesystem::getRequire():120}()
#4 /home/anar/Bureau/testcodetrasl/vendor/laravel/framework/src/Illuminate/View/Engines/PhpEngine.php(57): Illuminate\\Filesystem\\Filesystem->getRequire()
#5 /home/anar/Bureau/testcodetrasl/vendor/livewire/livewire/src/Mechanisms/ExtendBlade/ExtendedCompilerEngine.php(22): Illuminate\\View\\Engines\\PhpEngine->evaluatePath()
#6 /home/anar/Bureau/testcodetrasl/vendor/laravel/framework/src/Illuminate/View/Engines/CompilerEngine.php(76): Livewire\\Mechanisms\\ExtendBlade\\ExtendedCompilerEngine->evaluatePath()
#7 /home/anar/Bureau/testcodetrasl/vendor/livewire/livewire/src/Mechanisms/ExtendBlade/ExtendedCompilerEngine.php(10): Illuminate\\View\\Engines\\CompilerEngine->get()
#8 /home/anar/Bureau/testcodetrasl/vendor/laravel/framework/src/Illuminate/View/View.php(208): Livewire\\Mechanisms\\ExtendBlade\\ExtendedCompilerEngine->get()
#9 /home/anar/Bureau/testcodetrasl/vendor/laravel/framework/src/Illuminate/View/View.php(191): Illuminate\\View\\View->getContents()
#10 /home/anar/Bureau/testcodetrasl/vendor/laravel/framework/src/Illuminate/View/View.php(160): Illuminate\\View\\View->renderContents()
#11 /home/anar/Bureau/testcodetrasl/storage/framework/views/164dc8115948468e20ba3b7ed285b4bc.php(29): Illuminate\\View\\View->render()
#12 /home/anar/Bureau/testcodetrasl/vendor/laravel/framework/src/Illuminate/Filesystem/Filesystem.php(123): require('...')
#13 /home/anar/Bureau/testcodetrasl/vendor/laravel/framework/src/Illuminate/Filesystem/Filesystem.php(124): Illuminate\\Filesystem\\Filesystem::{closure:Illuminate\\Filesystem\\Filesystem::getRequire():120}()
#14 /home/anar/Bureau/testcodetrasl/vendor/laravel/framework/src/Illuminate/View/Engines/PhpEngine.php(57): Illuminate\\Filesystem\\Filesystem->getRequire()
#15 /home/anar/Bureau/testcodetrasl/vendor/livewire/livewire/src/Mechanisms/ExtendBlade/ExtendedCompilerEngine.php(22): Illuminate\\View\\Engines\\PhpEngine->evaluatePath()
#16 /home/anar/Bureau/testcodetrasl/vendor/laravel/framework/src/Illuminate/View/Engines/CompilerEngine.php(76): Livewire\\Mechanisms\\ExtendBlade\\ExtendedCompilerEngine->evaluatePath()
#17 /home/anar/Bureau/testcodetrasl/vendor/livewire/livewire/src/Mechanisms/ExtendBlade/ExtendedCompilerEngine.php(10): Illuminate\\View\\Engines\\CompilerEngine->get()
#18 /home/anar/Bureau/testcodetrasl/vendor/laravel/framework/src/Illuminate/View/View.php(208): Livewire\\Mechanisms\\ExtendBlade\\ExtendedCompilerEngine->get()
#19 /home/anar/Bureau/testcodetrasl/vendor/laravel/framework/src/Illuminate/View/View.php(191): Illuminate\\View\\View->getContents()
#20 /home/anar/Bureau/testcodetrasl/vendor/laravel/framework/src/Illuminate/View/View.php(160): Illuminate\\View\\View->renderContents()
#21 Command line code(1): Illuminate\\View\\View->render()
#22 {main}

Next Illuminate\\View\\ViewException: Undefined variable $errors (View: /home/anar/Bureau/testcodetrasl/resources/views/layouts/admin.blade.php) in /home/anar/Bureau/testcodetrasl/storage/framework/views/28509520d965c13969bf1b9af03b1424.php:19
Stack trace:
#0 /home/anar/Bureau/testcodetrasl/vendor/livewire/livewire/src/Mechanisms/ExtendBlade/ExtendedCompilerEngine.php(58): Illuminate\\View\\Engines\\CompilerEngine->handleViewException()
#1 /home/anar/Bureau/testcodetrasl/vendor/laravel/framework/src/Illuminate/View/Engines/PhpEngine.php(59): Livewire\\Mechanisms\\ExtendBlade\\ExtendedCompilerEngine->handleViewException()
#2 /home/anar/Bureau/testcodetrasl/vendor/livewire/livewire/src/Mechanisms/ExtendBlade/ExtendedCompilerEngine.php(22): Illuminate\\View\\Engines\\PhpEngine->evaluatePath()
#3 /home/anar/Bureau/testcodetrasl/vendor/laravel/framework/src/Illuminate/View/Engines/CompilerEngine.php(76): Livewire\\Mechanisms\\ExtendBlade\\ExtendedCompilerEngine->evaluatePath()
#4 /home/anar/Bureau/testcodetrasl/vendor/livewire/livewire/src/Mechanisms/ExtendBlade/ExtendedCompilerEngine.php(10): Illuminate\\View\\Engines\\CompilerEngine->get()
#5 /home/anar/Bureau/testcodetrasl/vendor/laravel/framework/src/Illuminate/View/View.php(208): Livewire\\Mechanisms\\ExtendBlade\\ExtendedCompilerEngine->get()
#6 /home/anar/Bureau/testcodetrasl/vendor/laravel/framework/src/Illuminate/View/View.php(191): Illuminate\\View\\View->getContents()
#7 /home/anar/Bureau/testcodetrasl/vendor/laravel/framework/src/Illuminate/View/View.php(160): Illuminate\\View\\View->renderContents()
#8 /home/anar/Bureau/testcodetrasl/storage/framework/views/164dc8115948468e20ba3b7ed285b4bc.php(29): Illuminate\\View\\View->render()
#9 /home/anar/Bureau/testcodetrasl/vendor/laravel/framework/src/Illuminate/Filesystem/Filesystem.php(123): require('...')
#10 /home/anar/Bureau/testcodetrasl/vendor/laravel/framework/src/Illuminate/Filesystem/Filesystem.php(124): Illuminate\\Filesystem\\Filesystem::{closure:Illuminate\\Filesystem\\Filesystem::getRequire():120}()
#11 /home/anar/Bureau/testcodetrasl/vendor/laravel/framework/src/Illuminate/View/Engines/PhpEngine.php(57): Illuminate\\Filesystem\\Filesystem->getRequire()
#12 /home/anar/Bureau/testcodetrasl/vendor/livewire/livewire/src/Mechanisms/ExtendBlade/ExtendedCompilerEngine.php(22): Illuminate\\View\\Engines\\PhpEngine->evaluatePath()
#13 /home/anar/Bureau/testcodetrasl/vendor/laravel/framework/src/Illuminate/View/Engines/CompilerEngine.php(76): Livewire\\Mechanisms\\ExtendBlade\\ExtendedCompilerEngine->evaluatePath()
#14 /home/anar/Bureau/testcodetrasl/vendor/livewire/livewire/src/Mechanisms/ExtendBlade/ExtendedCompilerEngine.php(10): Illuminate\\View\\Engines\\CompilerEngine->get()
#15 /home/anar/Bureau/testcodetrasl/vendor/laravel/framework/src/Illuminate/View/View.php(208): Livewire\\Mechanisms\\ExtendBlade\\ExtendedCompilerEngine->get()
#16 /home/anar/Bureau/testcodetrasl/vendor/laravel/framework/src/Illuminate/View/View.php(191): Illuminate\\View\\View->getContents()
#17 /home/anar/Bureau/testcodetrasl/vendor/laravel/framework/src/Illuminate/View/View.php(160): Illuminate\\View\\View->renderContents()
#18 Command line code(1): Illuminate\\View\\View->render()
#19 {main}

Next Illuminate\\View\\ViewException: Undefined variable $errors (View: /home/anar/Bureau/testcodetrasl/resources/views/layouts/admin.blade.php) (View: /home/anar/Bureau/testcodetrasl/resources/views/layouts/admin.blade.php) in /home/anar/Bureau/testcodetrasl/storage/framework/views/28509520d965c13969bf1b9af03b1424.php:19
Stack trace:
#0 /home/anar/Bureau/testcodetrasl/vendor/livewire/livewire/src/Mechanisms/ExtendBlade/ExtendedCompilerEngine.php(58): Illuminate\\View\\Engines\\CompilerEngine->handleViewException()
#1 /home/anar/Bureau/testcodetrasl/vendor/laravel/framework/src/Illuminate/View/Engines/PhpEngine.php(59): Livewire\\Mechanisms\\ExtendBlade\\ExtendedCompilerEngine->handleViewException()
#2 /home/anar/Bureau/testcodetrasl/vendor/livewire/livewire/src/Mechanisms/ExtendBlade/ExtendedCompilerEngine.php(22): Illuminate\\View\\Engines\\PhpEngine->evaluatePath()
#3 /home/anar/Bureau/testcodetrasl/vendor/laravel/framework/src/Illuminate/View/Engines/CompilerEngine.php(76): Livewire\\Mechanisms\\ExtendBlade\\ExtendedCompilerEngine->evaluatePath()
#4 /home/anar/Bureau/testcodetrasl/vendor/livewire/livewire/src/Mechanisms/ExtendBlade/ExtendedCompilerEngine.php(10): Illuminate\\View\\Engines\\CompilerEngine->get()
#5 /home/anar/Bureau/testcodetrasl/vendor/laravel/framework/src/Illuminate/View/View.php(208): Livewire\\Mechanisms\\ExtendBlade\\ExtendedCompilerEngine->get()
#6 /home/anar/Bureau/testcodetrasl/vendor/laravel/framework/src/Illuminate/View/View.php(191): Illuminate\\View\\View->getContents()
#7 /home/anar/Bureau/testcodetrasl/vendor/laravel/framework/src/Illuminate/View/View.php(160): Illuminate\\View\\View->renderContents()
#8 Command line code(1): Illuminate\\View\\View->render()
#9 {main}
  thrown at /home/anar/Bureau/testcodetrasl/storage/framework/views/28509520d965c13969bf1b9af03b1424.php:19)
[stacktrace]
#0 {main}
"} 
[2026-05-14 14:25:23] testing.ERROR: Spatie\Activitylog\ActivityLogger::performedOn(): Argument #1 ($model) must be of type Illuminate\Database\Eloquent\Model, null given, called in /home/anar/Bureau/testcodetrasl/app/Services/AuditLogger.php on line 19 {"userId":1,"exception":"[object] (TypeError(code: 0): Spatie\\Activitylog\\ActivityLogger::performedOn(): Argument #1 ($model) must be of type Illuminate\\Database\\Eloquent\\Model, null given, called in /home/anar/Bureau/testcodetrasl/app/Services/AuditLogger.php on line 19 at /home/anar/Bureau/testcodetrasl/vendor/spatie/laravel-activitylog/src/ActivityLogger.php:48)
[stacktrace]
#0 /home/anar/Bureau/testcodetrasl/app/Services/AuditLogger.php(19): Spatie\\Activitylog\\ActivityLogger->performedOn()
#1 /home/anar/Bureau/testcodetrasl/app/Http/Controllers/Admin/BackupController.php(42): App\\Services\\AuditLogger->log()
#2 /home/anar/Bureau/testcodetrasl/vendor/laravel/framework/src/Illuminate/Routing/ControllerDispatcher.php(46): App\\Http\\Controllers\\Admin\\BackupController->export()
#3 /home/anar/Bureau/testcodetrasl/vendor/laravel/framework/src/Illuminate/Routing/Route.php(265): Illuminate\\Routing\\ControllerDispatcher->dispatch()
#4 /home/anar/Bureau/testcodetrasl/vendor/laravel/framework/src/Illuminate/Routing/Route.php(211): Illuminate\\Routing\\Route->runController()
#5 /home/anar/Bureau/testcodetrasl/vendor/laravel/framework/src/Illuminate/Routing/Router.php(822): Illuminate\\Routing\\Route->run()
#6 /home/anar/Bureau/testcodetrasl/vendor/laravel/framework/src/Illuminate/Pipeline/Pipeline.php(180): Illuminate\\Routing\\Router->{closure:Illuminate\\Routing\\Router::runRouteWithinStack():821}()
#7 /home/anar/Bureau/testcodetrasl/app/Http/Middleware/AdminMiddleware.php(19): Illuminate\\Pipeline\\Pipeline->{closure:Illuminate\\Pipeline\\Pipeline::prepareDestination():178}()
#8 /home/anar/Bureau/testcodetrasl/vendor/laravel/framework/src/Illuminate/Pipeline/Pipeline.php(219): App\\Http\\Middleware\\AdminMiddleware->handle()
#9 /home/anar/Bureau/testcodetrasl/vendor/laravel/framework/src/Illuminate/Routing/Middleware/SubstituteBindings.php(50): Illuminate\\Pipeline\\Pipeline->{closure:{closure:Illuminate\\Pipeline\\Pipeline::carry():194}:195}()
#10 /home/anar/Bureau/testcodetrasl/vendor/laravel/framework/src/Illuminate/Pipeline/Pipeline.php(219): Illuminate\\Routing\\Middleware\\SubstituteBindings->handle()
#11 /home/anar/Bureau/testcodetrasl/vendor/laravel/framework/src/Illuminate/Auth/Middleware/Authenticate.php(63): Illuminate\\Pipeline\\Pipeline->{closure:{closure:Illuminate\\Pipeline\\Pipeline::carry():194}:195}()
#12 /home/anar/Bureau/testcodetrasl/vendor/laravel/framework/src/Illuminate/Pipeline/Pipeline.php(219): Illuminate\\Auth\\Middleware\\Authenticate->handle()
#13 /home/anar/Bureau/testcodetrasl/vendor/laravel/framework/src/Illuminate/Foundation/Http/Middleware/VerifyCsrfToken.php(87): Illuminate\\Pipeline\\Pipeline->{closure:{closure:Illuminate\\Pipeline\\Pipeline::carry():194}:195}()
#14 /home/anar/Bureau/testcodetrasl/vendor/laravel/framework/src/Illuminate/Pipeline/Pipeline.php(219): Illuminate\\Foundation\\Http\\Middleware\\VerifyCsrfToken->handle()
#15 /home/anar/Bureau/testcodetrasl/vendor/laravel/framework/src/Illuminate/View/Middleware/ShareErrorsFromSession.php(48): Illuminate\\Pipeline\\Pipeline->{closure:{closure:Illuminate\\Pipeline\\Pipeline::carry():194}:195}()
#16 /home/anar/Bureau/testcodetrasl/vendor/laravel/framework/src/Illuminate/Pipeline/Pipeline.php(219): Illuminate\\View\\Middleware\\ShareErrorsFromSession->handle()
#17 /home/anar/Bureau/testcodetrasl/vendor/laravel/framework/src/Illuminate/Session/Middleware/StartSession.php(120): Illuminate\\Pipeline\\Pipeline->{closure:{closure:Illuminate\\Pipeline\\Pipeline::carry():194}:195}()
#18 /home/anar/Bureau/testcodetrasl/vendor/laravel/framework/src/Illuminate/Session/Middleware/StartSession.php(63): Illuminate\\Session\\Middleware\\StartSession->handleStatefulRequest()
#19 /home/anar/Bureau/testcodetrasl/vendor/laravel/framework/src/Illuminate/Pipeline/Pipeline.php(219): Illuminate\\Session\\Middleware\\StartSession->handle()
#20 /home/anar/Bureau/testcodetrasl/vendor/laravel/framework/src/Illuminate/Cookie/Middleware/AddQueuedCookiesToResponse.php(36): Illuminate\\Pipeline\\Pipeline->{closure:{closure:Illuminate\\Pipeline\\Pipeline::carry():194}:195}()
#21 /home/anar/Bureau/testcodetrasl/vendor/laravel/framework/src/Illuminate/Pipeline/Pipeline.php(219): Illuminate\\Cookie\\Middleware\\AddQueuedCookiesToResponse->handle()
#22 /home/anar/Bureau/testcodetrasl/vendor/laravel/framework/src/Illuminate/Cookie/Middleware/EncryptCookies.php(74): Illuminate\\Pipeline\\Pipeline->{closure:{closure:Illuminate\\Pipeline\\Pipeline::carry():194}:195}()
#23 /home/anar/Bureau/testcodetrasl/vendor/laravel/framework/src/Illuminate/Pipeline/Pipeline.php(219): Illuminate\\Cookie\\Middleware\\EncryptCookies->handle()
#24 /home/anar/Bureau/testcodetrasl/vendor/laravel/framework/src/Illuminate/Pipeline/Pipeline.php(137): Illuminate\\Pipeline\\Pipeline->{closure:{closure:Illuminate\\Pipeline\\Pipeline::carry():194}:195}()
#25 /home/anar/Bureau/testcodetrasl/vendor/laravel/framework/src/Illuminate/Routing/Router.php(821): Illuminate\\Pipeline\\Pipeline->then()
#26 /home/anar/Bureau/testcodetrasl/vendor/laravel/framework/src/Illuminate/Routing/Router.php(800): Illuminate\\Routing\\Router->runRouteWithinStack()
#27 /home/anar/Bureau/testcodetrasl/vendor/laravel/framework/src/Illuminate/Routing/Router.php(764): Illuminate\\Routing\\Router->runRoute()
#28 /home/anar/Bureau/testcodetrasl/vendor/laravel/framework/src/Illuminate/Routing/Router.php(753): Illuminate\\Routing\\Router->dispatchToRoute()
#29 /home/anar/Bureau/testcodetrasl/vendor/laravel/framework/src/Illuminate/Foundation/Http/Kernel.php(200): Illuminate\\Routing\\Router->dispatch()
#30 /home/anar/Bureau/testcodetrasl/vendor/laravel/framework/src/Illuminate/Pipeline/Pipeline.php(180): Illuminate\\Foundation\\Http\\Kernel->{closure:Illuminate\\Foundation\\Http\\Kernel::dispatchToRouter():197}()
#31 /home/anar/Bureau/testcodetrasl/vendor/livewire/livewire/src/Features/SupportDisablingBackButtonCache/DisableBackButtonCacheMiddleware.php(19): Illuminate\\Pipeline\\Pipeline->{closure:Illuminate\\Pipeline\\Pipeline::prepareDestination():178}()
#32 /home/anar/Bureau/testcodetrasl/vendor/laravel/framework/src/Illuminate/Pipeline/Pipeline.php(219): Livewire\\Features\\SupportDisablingBackButtonCache\\DisableBackButtonCacheMiddleware->handle()
#33 /home/anar/Bureau/testcodetrasl/vendor/laravel/framework/src/Illuminate/Foundation/Http/Middleware/TransformsRequest.php(21): Illuminate\\Pipeline\\Pipeline->{closure:{closure:Illuminate\\Pipeline\\Pipeline::carry():194}:195}()
#34 /home/anar/Bureau/testcodetrasl/vendor/laravel/framework/src/Illuminate/Foundation/Http/Middleware/ConvertEmptyStringsToNull.php(31): Illuminate\\Foundation\\Http\\Middleware\\TransformsRequest->handle()
#35 /home/anar/Bureau/testcodetrasl/vendor/laravel/framework/src/Illuminate/Pipeline/Pipeline.php(219): Illuminate\\Foundation\\Http\\Middleware\\ConvertEmptyStringsToNull->handle()
#36 /home/anar/Bureau/testcodetrasl/vendor/laravel/framework/src/Illuminate/Foundation/Http/Middleware/TransformsRequest.php(21): Illuminate\\Pipeline\\Pipeline->{closure:{closure:Illuminate\\Pipeline\\Pipeline::carry():194}:195}()
#37 /home/anar/Bureau/testcodetrasl/vendor/laravel/framework/src/Illuminate/Foundation/Http/Middleware/TrimStrings.php(51): Illuminate\\Foundation\\Http\\Middleware\\TransformsRequest->handle()
#38 /home/anar/Bureau/testcodetrasl/vendor/laravel/framework/src/Illuminate/Pipeline/Pipeline.php(219): Illuminate\\Foundation\\Http\\Middleware\\TrimStrings->handle()
#39 /home/anar/Bureau/testcodetrasl/vendor/laravel/framework/src/Illuminate/Http/Middleware/ValidatePostSize.php(27): Illuminate\\Pipeline\\Pipeline->{closure:{closure:Illuminate\\Pipeline\\Pipeline::carry():194}:195}()
#40 /home/anar/Bureau/testcodetrasl/vendor/laravel/framework/src/Illuminate/Pipeline/Pipeline.php(219): Illuminate\\Http\\Middleware\\ValidatePostSize->handle()
#41 /home/anar/Bureau/testcodetrasl/vendor/laravel/framework/src/Illuminate/Foundation/Http/Middleware/PreventRequestsDuringMaintenance.php(109): Illuminate\\Pipeline\\Pipeline->{closure:{closure:Illuminate\\Pipeline\\Pipeline::carry():194}:195}()
#42 /home/anar/Bureau/testcodetrasl/vendor/laravel/framework/src/Illuminate/Pipeline/Pipeline.php(219): Illuminate\\Foundation\\Http\\Middleware\\PreventRequestsDuringMaintenance->handle()
#43 /home/anar/Bureau/testcodetrasl/vendor/laravel/framework/src/Illuminate/Http/Middleware/HandleCors.php(61): Illuminate\\Pipeline\\Pipeline->{closure:{closure:Illuminate\\Pipeline\\Pipeline::carry():194}:195}()
#44 /home/anar/Bureau/testcodetrasl/vendor/laravel/framework/src/Illuminate/Pipeline/Pipeline.php(219): Illuminate\\Http\\Middleware\\HandleCors->handle()
#45 /home/anar/Bureau/testcodetrasl/vendor/laravel/framework/src/Illuminate/Http/Middleware/TrustProxies.php(58): Illuminate\\Pipeline\\Pipeline->{closure:{closure:Illuminate\\Pipeline\\Pipeline::carry():194}:195}()
#46 /home/anar/Bureau/testcodetrasl/vendor/laravel/framework/src/Illuminate/Pipeline/Pipeline.php(219): Illuminate\\Http\\Middleware\\TrustProxies->handle()
#47 /home/anar/Bureau/testcodetrasl/vendor/laravel/framework/src/Illuminate/Foundation/Http/Middleware/InvokeDeferredCallbacks.php(22): Illuminate\\Pipeline\\Pipeline->{closure:{closure:Illuminate\\Pipeline\\Pipeline::carry():194}:195}()
#48 /home/anar/Bureau/testcodetrasl/vendor/laravel/framework/src/Illuminate/Pipeline/Pipeline.php(219): Illuminate\\Foundation\\Http\\Middleware\\InvokeDeferredCallbacks->handle()
#49 /home/anar/Bureau/testcodetrasl/vendor/laravel/framework/src/Illuminate/Http/Middleware/ValidatePathEncoding.php(26): Illuminate\\Pipeline\\Pipeline->{closure:{closure:Illuminate\\Pipeline\\Pipeline::carry():194}:195}()
#50 /home/anar/Bureau/testcodetrasl/vendor/laravel/framework/src/Illuminate/Pipeline/Pipeline.php(219): Illuminate\\Http\\Middleware\\ValidatePathEncoding->handle()
#51 /home/anar/Bureau/testcodetrasl/vendor/laravel/framework/src/Illuminate/Pipeline/Pipeline.php(137): Illuminate\\Pipeline\\Pipeline->{closure:{closure:Illuminate\\Pipeline\\Pipeline::carry():194}:195}()
#52 /home/anar/Bureau/testcodetrasl/vendor/laravel/framework/src/Illuminate/Foundation/Http/Kernel.php(175): Illuminate\\Pipeline\\Pipeline->then()
#53 /home/anar/Bureau/testcodetrasl/vendor/laravel/framework/src/Illuminate/Foundation/Http/Kernel.php(144): Illuminate\\Foundation\\Http\\Kernel->sendRequestThroughRouter()
#54 /home/anar/Bureau/testcodetrasl/vendor/laravel/framework/src/Illuminate/Foundation/Testing/Concerns/MakesHttpRequests.php(607): Illuminate\\Foundation\\Http\\Kernel->handle()
#55 /home/anar/Bureau/testcodetrasl/vendor/laravel/framework/src/Illuminate/Foundation/Testing/Concerns/MakesHttpRequests.php(397): Illuminate\\Foundation\\Testing\\TestCase->call()
#56 /home/anar/Bureau/testcodetrasl/tests/Feature/ActivityPubAndBackupTest.php(41): Illuminate\\Foundation\\Testing\\TestCase->post()
#57 /home/anar/Bureau/testcodetrasl/vendor/phpunit/phpunit/src/Framework/TestCase.php(1314): Tests\\Feature\\ActivityPubAndBackupTest->test_admin_can_trigger_export_from_ui()
#58 /home/anar/Bureau/testcodetrasl/vendor/phpunit/phpunit/src/Framework/TestCase.php(1351): PHPUnit\\Framework\\TestCase->invokeTestMethod()
#59 /home/anar/Bureau/testcodetrasl/vendor/phpunit/phpunit/src/Framework/TestCase.php(521): PHPUnit\\Framework\\TestCase->runTest()
#60 /home/anar/Bureau/testcodetrasl/vendor/phpunit/phpunit/src/Framework/TestRunner/TestRunner.php(99): PHPUnit\\Framework\\TestCase->runBare()
#61 /home/anar/Bureau/testcodetrasl/vendor/phpunit/phpunit/src/Framework/TestCase.php(361): PHPUnit\\Framework\\TestRunner->run()
#62 /home/anar/Bureau/testcodetrasl/vendor/phpunit/phpunit/src/Framework/TestSuite.php(374): PHPUnit\\Framework\\TestCase->run()
#63 /home/anar/Bureau/testcodetrasl/vendor/phpunit/phpunit/src/Framework/TestSuite.php(374): PHPUnit\\Framework\\TestSuite->run()
#64 /home/anar/Bureau/testcodetrasl/vendor/phpunit/phpunit/src/Framework/TestSuite.php(374): PHPUnit\\Framework\\TestSuite->run()
#65 /home/anar/Bureau/testcodetrasl/vendor/phpunit/phpunit/src/TextUI/TestRunner.php(64): PHPUnit\\Framework\\TestSuite->run()
#66 /home/anar/Bureau/testcodetrasl/vendor/phpunit/phpunit/src/TextUI/Application.php(229): PHPUnit\\TextUI\\TestRunner->run()
#67 /home/anar/Bureau/testcodetrasl/vendor/phpunit/phpunit/phpunit(104): PHPUnit\\TextUI\\Application->run()
#68 /home/anar/Bureau/testcodetrasl/vendor/bin/phpunit(122): include('...')
#69 {main}
"} 
